You need to install CHI to enable caching.
 at /usr/local/share/perl/5.30.0/Perlanet/Trait/YAMLConfig.pm line 74.
Caching disabled for this run.
 at /usr/local/share/perl/5.30.0/Perlanet/Trait/YAMLConfig.pm line 74.
Error retrieving https://blog.dave.org.uk/feed at /usr/local/share/perl/5.30.0/Perlanet/Trait/OPML.pm line 122.
501 Protocol scheme 'https' is not supported (LWP::Protocol::https not installed) at /usr/local/share/perl/5.30.0/Perlanet/Trait/OPML.pm line 122.
Error retrieving https://perlhacks.com/feed at /usr/local/share/perl/5.30.0/Perlanet/Trait/OPML.pm line 122.
501 Protocol scheme 'https' is not supported (LWP::Protocol::https not installed) at /usr/local/share/perl/5.30.0/Perlanet/Trait/OPML.pm line 122.
Error retrieving https://api.flickr.com/services/feeds/photos_public.gne?id=39021241@N00&lang=en-us&format=atom at /usr/local/share/perl/5.30.0/Perlanet/Trait/OPML.pm line 122.
501 Protocol scheme 'https' is not supported (LWP::Protocol::https not installed) at /usr/local/share/perl/5.30.0/Perlanet/Trait/OPML.pm line 122.
Error retrieving https://dave.org.uk/feed-data/twitter.xml at /usr/local/share/perl/5.30.0/Perlanet/Trait/OPML.pm line 122.
501 Protocol scheme 'https' is not supported (LWP::Protocol::https not installed) at /usr/local/share/perl/5.30.0/Perlanet/Trait/OPML.pm line 122.
Error retrieving http://www.goodreads.com/review/list_rss/5372425?key=314467489241763246ec43367f5e8fb6f0a2cbed&shelf=currently-reading at /usr/local/share/perl/5.30.0/Perlanet/Trait/OPML.pm line 122.
501 Protocol scheme 'https' is not supported (LWP::Protocol::https not installed) at /usr/local/share/perl/5.30.0/Perlanet/Trait/OPML.pm line 122.
Error retrieving http://www.slideshare.net/rss/user/davorg at /usr/local/share/perl/5.30.0/Perlanet/Trait/OPML.pm line 122.
501 Protocol scheme 'https' is not supported (LWP::Protocol::https not installed) at /usr/local/share/perl/5.30.0/Perlanet/Trait/OPML.pm line 122.
Error retrieving http://dave.org.uk/feed-data/lastfm.xml at /usr/local/share/perl/5.30.0/Perlanet/Trait/OPML.pm line 122.
501 Protocol scheme 'https' is not supported (LWP::Protocol::https not installed) at /usr/local/share/perl/5.30.0/Perlanet/Trait/OPML.pm line 122.
Error retrieving https://github.com/davorg.atom at /usr/local/share/perl/5.30.0/Perlanet/Trait/OPML.pm line 122.
501 Protocol scheme 'https' is not supported (LWP::Protocol::https not installed) at /usr/local/share/perl/5.30.0/Perlanet/Trait/OPML.pm line 122.
Error retrieving https://metacpan.org/feed/author/DAVECROSS at /usr/local/share/perl/5.30.0/Perlanet/Trait/OPML.pm line 122.
501 Protocol scheme 'https' is not supported (LWP::Protocol::https not installed) at /usr/local/share/perl/5.30.0/Perlanet/Trait/OPML.pm line 122.
